# JRE version: Java(TM) SE Runtime Environment (8.0_171-b11) (build 1.8.0_171-b11)
# Java VM: Java HotSpot(TM) 64-Bit Server VM (25.171-b11 mixed mode linux-amd64 compressed oops)
Heap:
 PSYoungGen      total 226816K, used 13290K [0x00000000d7000000, 0x00000000e5c80000, 0x0000000100000000)
  eden space 213504K, 0% used [0x00000000d7000000,0x00000000d7000000,0x00000000e4080000)
  from space 13312K, 99% used [0x00000000e4280000,0x00000000e4f7aa58,0x00000000e4f80000)
  to   space 8704K, 0% used [0x00000000e5400000,0x00000000e5400000,0x00000000e5c80000)
 ParOldGen       total 74240K, used 14727K [0x0000000085000000, 0x0000000089880000, 0x00000000d7000000)
  object space 74240K, 19% used [0x0000000085000000,0x0000000085e61ec8,0x0000000089880000)
 Metaspace       used 47284K, capacity 47704K, committed 47912K, reserved 1089536K
  class space    used 7043K, capacity 7161K, committed 7208K, reserved 1048576K
GC Heap History (10 events):
Event: 11.994 GC heap after
Heap after GC invocations=4 (full 0):
 PSYoungGen      total 132096K, used 5081K [0x00000000d7000000, 0x00000000df600000, 0x0000000100000000)
  eden space 126976K, 0% used [0x00000000d7000000,0x00000000d7000000,0x00000000dec00000)
  from space 5120K, 99% used [0x00000000df100000,0x00000000df5f6610,0x00000000df600000)
  to   space 5120K, 0% used [0x00000000dec00000,0x00000000dec00000,0x00000000df100000)
 ParOldGen       total 84992K, used 4835K [0x0000000085000000, 0x000000008a300000, 0x00000000d7000000)
  object space 84992K, 5% used [0x0000000085000000,0x00000000854b8c08,0x000000008a300000)
 Metaspace       used 20988K, capacity 21138K, committed 21296K, reserved 1067008K
  class space    used 2987K, capacity 3073K, committed 3120K, reserved 1048576K
}
Event: 11.994 GC heap before
{Heap before GC invocations=5 (full 1):
 PSYoungGen      total 132096K, used 5081K [0x00000000d7000000, 0x00000000df600000, 0x0000000100000000)
  eden space 126976K, 0% used [0x00000000d7000000,0x00000000d7000000,0x00000000dec00000)
  from space 5120K, 99% used [0x00000000df100000,0x00000000df5f6610,0x00000000df600000)
  to   space 5120K, 0% used [0x00000000dec00000,0x00000000dec00000,0x00000000df100000)
 ParOldGen       total 84992K, used 4835K [0x0000000085000000, 0x000000008a300000, 0x00000000d7000000)
  object space 84992K, 5% used [0x0000000085000000,0x00000000854b8c08,0x000000008a300000)
 Metaspace       used 20988K, capacity 21138K, committed 21296K, reserved 1067008K
  class space    used 2987K, capacity 3073K, committed 3120K, reserved 1048576K
Event: 12.040 GC heap after
Heap after GC invocations=5 (full 1):
 PSYoungGen      total 132096K, used 0K [0x00000000d7000000, 0x00000000df600000, 0x0000000100000000)
  eden space 126976K, 0% used [0x00000000d7000000,0x00000000d7000000,0x00000000dec00000)
  from space 5120K, 0% used [0x00000000df100000,0x00000000df100000,0x00000000df600000)
  to   space 5120K, 0% used [0x00000000dec00000,0x00000000dec00000,0x00000000df100000)
 ParOldGen       total 48640K, used 5035K [0x0000000085000000, 0x0000000087f80000, 0x00000000d7000000)
  object space 48640K, 10% used [0x0000000085000000,0x00000000854eade0,0x0000000087f80000)
 Metaspace       used 20988K, capacity 21138K, committed 21296K, reserved 1067008K
  class space    used 2987K, capacity 3073K, committed 3120K, reserved 1048576K
}
Event: 21.048 GC heap before
{Heap before GC invocations=6 (full 1):
 PSYoungGen      total 132096K, used 126976K [0x00000000d7000000, 0x00000000df600000, 0x0000000100000000)
  eden space 126976K, 100% used [0x00000000d7000000,0x00000000dec00000,0x00000000dec00000)
  from space 5120K, 0% used [0x00000000df100000,0x00000000df100000,0x00000000df600000)
  to   space 5120K, 0% used [0x00000000dec00000,0x00000000dec00000,0x00000000df100000)
 ParOldGen       total 48640K, used 5035K [0x0000000085000000, 0x0000000087f80000, 0x00000000d7000000)
  object space 48640K, 10% used [0x0000000085000000,0x00000000854eade0,0x0000000087f80000)
 Metaspace       used 31633K, capacity 31898K, committed 32304K, reserved 1077248K
  class space    used 4476K, capacity 4561K, committed 4656K, reserved 1048576K
Event: 21.066 GC heap after
Heap after GC invocations=6 (full 1):
 PSYoungGen      total 132096K, used 5107K [0x00000000d7000000, 0x00000000e6200000, 0x0000000100000000)
  eden space 126976K, 0% used [0x00000000d7000000,0x00000000d7000000,0x00000000dec00000)
  from space 5120K, 99% used [0x00000000dec00000,0x00000000df0fcd68,0x00000000df100000)
  to   space 14336K, 0% used [0x00000000e5400000,0x00000000e5400000,0x00000000e6200000)
 ParOldGen       total 48640K, used 14224K [0x0000000085000000, 0x0000000087f80000, 0x00000000d7000000)
  object space 48640K, 29% used [0x0000000085000000,0x0000000085de43d8,0x0000000087f80000)
 Metaspace       used 31633K, capacity 31898K, committed 32304K, reserved 1077248K
  class space    used 4476K, capacity 4561K, committed 4656K, reserved 1048576K
}
Event: 24.851 GC heap before
{Heap before GC invocations=7 (full 1):
 PSYoungGen      total 132096K, used 64615K [0x00000000d7000000, 0x00000000e6200000, 0x0000000100000000)
  eden space 126976K, 46% used [0x00000000d7000000,0x00000000daa1cf78,0x00000000dec00000)
  from space 5120K, 99% used [0x00000000dec00000,0x00000000df0fcd68,0x00000000df100000)
  to   space 14336K, 0% used [0x00000000e5400000,0x00000000e5400000,0x00000000e6200000)
 ParOldGen       total 48640K, used 14224K [0x0000000085000000, 0x0000000087f80000, 0x00000000d7000000)
  object space 48640K, 29% used [0x0000000085000000,0x0000000085de43d8,0x0000000087f80000)
 Metaspace       used 34958K, capacity 35130K, committed 35496K, reserved 1079296K
  class space    used 5080K, capacity 5169K, committed 5288K, reserved 1048576K
Event: 24.861 GC heap after
Heap after GC invocations=7 (full 1):
 PSYoungGen      total 222208K, used 8250K [0x00000000d7000000, 0x00000000e5c80000, 0x0000000100000000)
  eden space 213504K, 0% used [0x00000000d7000000,0x00000000d7000000,0x00000000e4080000)
  from space 8704K, 94% used [0x00000000e5400000,0x00000000e5c0e808,0x00000000e5c80000)
  to   space 13312K, 0% used [0x00000000e4280000,0x00000000e4280000,0x00000000e4f80000)
 ParOldGen       total 48640K, used 14232K [0x0000000085000000, 0x0000000087f80000, 0x00000000d7000000)
  object space 48640K, 29% used [0x0000000085000000,0x0000000085de63d8,0x0000000087f80000)
 Metaspace       used 34958K, capacity 35130K, committed 35496K, reserved 1079296K
  class space    used 5080K, capacity 5169K, committed 5288K, reserved 1048576K
}
Event: 24.861 GC heap before
{Heap before GC invocations=8 (full 2):
 PSYoungGen      total 222208K, used 8250K [0x00000000d7000000, 0x00000000e5c80000, 0x0000000100000000)
  eden space 213504K, 0% used [0x00000000d7000000,0x00000000d7000000,0x00000000e4080000)
  from space 8704K, 94% used [0x00000000e5400000,0x00000000e5c0e808,0x00000000e5c80000)
  to   space 13312K, 0% used [0x00000000e4280000,0x00000000e4280000,0x00000000e4f80000)
 ParOldGen       total 48640K, used 14232K [0x0000000085000000, 0x0000000087f80000, 0x00000000d7000000)
  object space 48640K, 29% used [0x0000000085000000,0x0000000085de63d8,0x0000000087f80000)
 Metaspace       used 34958K, capacity 35130K, committed 35496K, reserved 1079296K
  class space    used 5080K, capacity 5169K, committed 5288K, reserved 1048576K
Event: 24.914 GC heap after
Heap after GC invocations=8 (full 2):
 PSYoungGen      total 222208K, used 0K [0x00000000d7000000, 0x00000000e5c80000, 0x0000000100000000)
  eden space 213504K, 0% used [0x00000000d7000000,0x00000000d7000000,0x00000000e4080000)
  from space 8704K, 0% used [0x00000000e5400000,0x00000000e5400000,0x00000000e5c80000)
  to   space 13312K, 0% used [0x00000000e4280000,0x00000000e4280000,0x00000000e4f80000)
 ParOldGen       total 74240K, used 12521K [0x0000000085000000, 0x0000000089880000, 0x00000000d7000000)
  object space 74240K, 16% used [0x0000000085000000,0x0000000085c3a4e8,0x0000000089880000)
 Metaspace       used 34958K, capacity 35130K, committed 35496K, reserved 1079296K
  class space    used 5080K, capacity 5169K, committed 5288K, reserved 1048576K
}
Event: 48.800 GC heap before
{Heap before GC invocations=9 (full 2):
 PSYoungGen      total 222208K, used 213504K [0x00000000d7000000, 0x00000000e5c80000, 0x0000000100000000)
  eden space 213504K, 100% used [0x00000000d7000000,0x00000000e4080000,0x00000000e4080000)
  from space 8704K, 0% used [0x00000000e5400000,0x00000000e5400000,0x00000000e5c80000)
  to   space 13312K, 0% used [0x00000000e4280000,0x00000000e4280000,0x00000000e4f80000)
 ParOldGen       total 74240K, used 12521K [0x0000000085000000, 0x0000000089880000, 0x00000000d7000000)
  object space 74240K, 16% used [0x0000000085000000,0x0000000085c3a4e8,0x0000000089880000)
 Metaspace       used 47284K, capacity 47704K, committed 47912K, reserved 1089536K
  class space    used 7043K, capacity 7161K, committed 7208K, reserved 1048576K

